<?xml version="1.0" encoding="UTF-8"?>
<!-- Generated by org.testng.reporters.JUnitReportReporter -->
<testsuite hostname="AnuragPC" failures="0" tests="1" name="vehicleSuit.ByCycle" time="13.425" errors="0" timestamp="2024-10-19T13:44:27 IST" skipped="0">
  <testcase classname="vehicleSuit.ByCycle" name="launch" time="13.425"/>
  <system-out>
    <![CDATA[BMW Bycycle]]>
  </system-out>
</testsuite> <!-- vehicleSuit.ByCycle -->
