<?xml version="1.0" encoding="UTF-8"?>
<!-- Generated by org.testng.reporters.JUnitReportReporter -->
<testsuite hostname="AnuragPC" failures="0" tests="1" name="vehicleSuit.Cars" time="2.993" errors="0" timestamp="2024-10-19T13:44:27 IST" skipped="0">
  <testcase classname="vehicleSuit.Cars" name="launch" time="2.993"/>
  <system-out>
    <![CDATA[ferrari]]>
  </system-out>
</testsuite> <!-- vehicleSuit.Cars -->
