<?xml version="1.0" encoding="UTF-8"?>
<!-- Generated by org.testng.reporters.JUnitReportReporter -->
<testsuite hostname="AnuragPC" failures="0" tests="1" name="testNG.ConfugurationAnnotation" time="0.009" errors="0" timestamp="2024-10-19T13:39:50 IST" skipped="0">
  <testcase classname="testNG.ConfugurationAnnotation" name="test" time="0.009"/>
  <system-out>
    <![CDATA[@Test]]>
  </system-out>
</testsuite> <!-- testNG.ConfugurationAnnotation -->
