<?xml version="1.0" encoding="UTF-8"?>
<!-- Generated by org.testng.reporters.JUnitReportReporter -->
<testsuite hostname="AnuragPC" failures="0" tests="1" name="vehicleSuit.Bike" time="6.257" errors="0" timestamp="2024-10-19T13:44:27 IST" skipped="0">
  <testcase classname="vehicleSuit.Bike" name="launch" time="6.257"/>
  <system-out>
    <![CDATA[GSA1250]]>
  </system-out>
</testsuite> <!-- vehicleSuit.Bike -->
