<?xml version="1.0" encoding="UTF-8"?>
<!-- Generated by org.testng.reporters.JUnitReportReporter -->
<testsuite hostname="AnuragPC" failures="0" tests="5" name="testNG.AnnotationAttributes" time="34.290" errors="0" timestamp="2024-10-17T13:49:02 IST" skipped="0">
  <testcase classname="testNG.AnnotationAttributes" name="register" time="8.717"/>
  <system-out>
    <![CDATA[Registeration is successfully done]]>
  </system-out>
  <testcase classname="testNG.AnnotationAttributes" name="login" time="4.522"/>
  <system-out>
    <![CDATA[Login is successfully done]]>
  </system-out>
  <testcase classname="testNG.AnnotationAttributes" name="wishlist" time="6.648"/>
  <system-out>
    <![CDATA[wishlist page has opened 3 times successfully.]]>
  </system-out>
  <testcase classname="testNG.AnnotationAttributes" name="wishlist" time="6.950"/>
  <system-out>
    <![CDATA[wishlist page has opened 3 times successfully.]]>
  </system-out>
  <testcase classname="testNG.AnnotationAttributes" name="wishlist" time="7.453"/>
  <system-out>
    <![CDATA[wishlist page has opened 3 times successfully.]]>
  </system-out>
</testsuite> <!-- testNG.AnnotationAttributes -->
