<?xml version="1.0" encoding="UTF-8"?>
<!-- Generated by org.testng.reporters.JUnitReportReporter -->
<testsuite hostname="AnuragPC" failures="0" tests="5" name="testNG.ToLearnTestNG" time="0.014" errors="0" timestamp="2024-10-17T12:58:02 IST" skipped="0">
  <testcase classname="testNG.ToLearnTestNG" name="demo" time="0.002"/>
  <system-out>
    <![CDATA[Welcome to advance Selenium. Have a nice Day.]]>
  </system-out>
  <testcase classname="testNG.ToLearnTestNG" name="sample" time="0.000"/>
  <system-out>
    <![CDATA[Sample Test]]>
  </system-out>
  <testcase classname="testNG.ToLearnTestNG" name="divide" time="0.001"/>
  <system-out>
    <![CDATA[divide test]]>
  </system-out>
  <testcase classname="testNG.ToLearnTestNG" name="add" time="0.009"/>
  <system-out>
    <![CDATA[add test]]>
  </system-out>
  <testcase classname="testNG.ToLearnTestNG" name="name" time="0.002"/>
  <system-out>
    <![CDATA[name test]]>
  </system-out>
</testsuite> <!-- testNG.ToLearnTestNG -->
